This file contains any messages produced by compilers while
running configure, to aid debugging if configure makes a mistake.

It was created by lksctp-tools configure 1.0.16, which was
generated by GNU Autoconf 2.69.  Invocation command line was

  $ ./configure 

## --------- ##
## Platform. ##
## --------- ##

hostname = freebird.freebirddomain
uname -m = x86_64
uname -r = 4.1.13-100.fc21.x86_64
uname -s = Linux
uname -v = #1 SMP Tue Nov 10 13:13:20 UTC 2015

/usr/bin/uname -p = x86_64
/bin/uname -X     = unknown

/bin/arch              = x86_64
/usr/bin/arch -k       = unknown
/usr/convex/getsysinfo = unknown
/usr/bin/hostinfo      = unknown
/bin/machine           = unknown
/usr/bin/oslevel       = unknown
/bin/universe          = unknown

PATH: /usr/lib64/qt-3.3/bin
PATH: /usr/local/bin
PATH: /usr/local/sbin
PATH: /usr/bin
PATH: /usr/sbin
PATH: /bin
PATH: /sbin
PATH: /home/jamema/.local/bin
PATH: /home/jamema/bin


## ----------- ##
## Core tests. ##
## ----------- ##

configure:2305: checking for a BSD-compatible install
configure:2373: result: /usr/bin/install -c
configure:2384: checking whether build environment is sane
configure:2439: result: yes
configure:2590: checking for a thread-safe mkdir -p
configure:2629: result: /usr/bin/mkdir -p
configure:2636: checking for gawk
configure:2652: found /usr/bin/gawk
configure:2663: result: gawk
configure:2674: checking whether make sets $(MAKE)
configure:2696: result: yes
configure:2725: checking whether make supports nested variables
configure:2742: result: yes
configure:2879: checking whether make supports nested variables
configure:2896: result: yes
configure:2913: checking for gawk
configure:2940: result: gawk
configure:2999: checking for gcc
configure:3015: found /usr/bin/gcc
configure:3026: result: gcc
configure:3255: checking for C compiler version
configure:3264: gcc --version >&5
gcc (GCC) 4.9.2 20141101 (Red Hat 4.9.2-1)
Copyright (C) 2014 Free Software Foundation, Inc.
This is free software; see the source for copying conditions.  There is NO
warranty; not even for MERCHANTABILITY or FITNESS FOR A PARTICULAR PURPOSE.

configure:3275: $? = 0
configure:3264: gcc -v >&5
Using built-in specs.
COLLECT_GCC=gcc
COLLECT_LTO_WRAPPER=/usr/libexec/gcc/x86_64-redhat-linux/4.9.2/lto-wrapper
Target: x86_64-redhat-linux
Configured with: ../configure --prefix=/usr --mandir=/usr/share/man --infodir=/usr/share/info --with-bugurl=http://bugzilla.redhat.com/bugzilla --enable-bootstrap --enable-shared --enable-threads=posix --enable-checking=release --enable-multilib --with-system-zlib --enable-__cxa_atexit --disable-libunwind-exceptions --enable-gnu-unique-object --enable-linker-build-id --with-linker-hash-style=gnu --enable-languages=c,c++,objc,obj-c++,fortran,ada,go,lto --enable-plugin --enable-initfini-array --disable-libgcj --with-isl=/builddir/build/BUILD/gcc-4.9.2-20141101/obj-x86_64-redhat-linux/isl-install --with-cloog=/builddir/build/BUILD/gcc-4.9.2-20141101/obj-x86_64-redhat-linux/cloog-install --enable-gnu-indirect-function --with-tune=generic --with-arch_32=i686 --build=x86_64-redhat-linux
Thread model: posix
gcc version 4.9.2 20141101 (Red Hat 4.9.2-1) (GCC) 
configure:3275: $? = 0
configure:3264: gcc -V >&5
gcc: error: unrecognized command line option '-V'
gcc: fatal error: no input files
compilation terminated.
configure:3275: $? = 4
configure:3264: gcc -qversion >&5
gcc: error: unrecognized command line option '-qversion'
gcc: fatal error: no input files
compilation terminated.
configure:3275: $? = 4
configure:3295: checking whether the C compiler works
configure:3317: gcc    conftest.c  >&5
configure:3321: $? = 0
configure:3369: result: yes
configure:3372: checking for C compiler default output file name
configure:3374: result: a.out
configure:3380: checking for suffix of executables
configure:3387: gcc -o conftest    conftest.c  >&5
configure:3391: $? = 0
configure:3413: result: 
configure:3435: checking whether we are cross compiling
configure:3443: gcc -o conftest    conftest.c  >&5
configure:3447: $? = 0
configure:3454: ./conftest
configure:3458: $? = 0
configure:3473: result: no
configure:3478: checking for suffix of object files
configure:3500: gcc -c   conftest.c >&5
configure:3504: $? = 0
configure:3525: result: o
configure:3529: checking whether we are using the GNU C compiler
configure:3548: gcc -c   conftest.c >&5
configure:3548: $? = 0
configure:3557: result: yes
configure:3566: checking whether gcc accepts -g
configure:3586: gcc -c -g  conftest.c >&5
configure:3586: $? = 0
configure:3627: result: yes
configure:3644: checking for gcc option to accept ISO C89
configure:3707: gcc  -c -g -O2  conftest.c >&5
configure:3707: $? = 0
configure:3720: result: none needed
configure:3745: checking whether gcc understands -c and -o together
configure:3767: gcc -c conftest.c -o conftest2.o
configure:3770: $? = 0
configure:3767: gcc -c conftest.c -o conftest2.o
configure:3770: $? = 0
configure:3782: result: yes
configure:3810: checking for style of include used by make
configure:3838: result: GNU
configure:3864: checking dependency style of gcc
configure:3975: result: gcc3
configure:3991: checking whether ln -s works
configure:3995: result: yes
configure:4003: checking for library containing strerror
configure:4034: gcc -o conftest -g -O2   conftest.c  >&5
configure:4034: $? = 0
configure:4051: result: none required
configure:4093: checking build system type
configure:4107: result: x86_64-unknown-linux-gnu
configure:4127: checking host system type
configure:4140: result: x86_64-unknown-linux-gnu
configure:4181: checking how to print strings
configure:4208: result: printf
configure:4229: checking for a sed that does not truncate output
configure:4293: result: /usr/bin/sed
configure:4311: checking for grep that handles long lines and -e
configure:4369: result: /usr/bin/grep
configure:4374: checking for egrep
configure:4436: result: /usr/bin/grep -E
configure:4441: checking for fgrep
configure:4503: result: /usr/bin/grep -F
configure:4538: checking for ld used by gcc
configure:4605: result: /usr/bin/ld
configure:4612: checking if the linker (/usr/bin/ld) is GNU ld
configure:4627: result: yes
configure:4639: checking for BSD- or MS-compatible name lister (nm)
configure:4688: result: /usr/bin/nm -B
configure:4818: checking the name lister (/usr/bin/nm -B) interface
configure:4825: gcc -c -g -O2  conftest.c >&5
configure:4828: /usr/bin/nm -B "conftest.o"
configure:4831: output
0000000000000000 B some_variable
configure:4838: result: BSD nm
configure:4842: checking the maximum length of command line arguments
configure:4972: result: 1572864
configure:4989: checking whether the shell understands some XSI constructs
configure:4999: result: yes
configure:5003: checking whether the shell understands "+="
configure:5009: result: yes
configure:5044: checking how to convert x86_64-unknown-linux-gnu file names to x86_64-unknown-linux-gnu format
configure:5084: result: func_convert_file_noop
configure:5091: checking how to convert x86_64-unknown-linux-gnu file names to toolchain format
configure:5111: result: func_convert_file_noop
configure:5118: checking for /usr/bin/ld option to reload object files
configure:5125: result: -r
configure:5199: checking for objdump
configure:5215: found /usr/bin/objdump
configure:5226: result: objdump
configure:5258: checking how to recognize dependent libraries
configure:5460: result: pass_all
configure:5545: checking for dlltool
configure:5575: result: no
configure:5605: checking how to associate runtime and link libraries
configure:5632: result: printf %s\n
configure:5692: checking for ar
configure:5708: found /usr/bin/ar
configure:5719: result: ar
configure:5756: checking for archiver @FILE support
configure:5773: gcc -c -g -O2  conftest.c >&5
configure:5773: $? = 0
configure:5776: ar cru libconftest.a @conftest.lst >&5
configure:5779: $? = 0
configure:5784: ar cru libconftest.a @conftest.lst >&5
ar: conftest.o: No such file or directory
configure:5787: $? = 1
configure:5799: result: @
configure:5857: checking for strip
configure:5873: found /usr/bin/strip
configure:5884: result: strip
configure:5956: checking for ranlib
configure:5972: found /usr/bin/ranlib
configure:5983: result: ranlib
configure:6085: checking command to parse /usr/bin/nm -B output from gcc object
configure:6205: gcc -c -g -O2  conftest.c >&5
configure:6208: $? = 0
configure:6212: /usr/bin/nm -B conftest.o \| sed -n -e 's/^.*[ ]\([ABCDGIRSTW][ABCDGIRSTW]*\)[ ][ ]*\([_A-Za-z][_A-Za-z0-9]*\)$/\1 \2 \2/p' | sed '/ __gnu_lto/d' \> conftest.nm
configure:6215: $? = 0
configure:6281: gcc -o conftest -g -O2   conftest.c conftstm.o >&5
configure:6284: $? = 0
configure:6322: result: ok
configure:6359: checking for sysroot
configure:6389: result: no
configure:6466: gcc -c -g -O2  conftest.c >&5
configure:6469: $? = 0
configure:6651: checking for mt
configure:6681: result: no
configure:6701: checking if : is a manifest tool
configure:6707: : '-?'
configure:6715: result: no
configure:7357: checking how to run the C preprocessor
configure:7388: gcc -E  conftest.c
configure:7388: $? = 0
configure:7402: gcc -E  conftest.c
conftest.c:11:28: fatal error: ac_nonexistent.h: No such file or directory
 #include <ac_nonexistent.h>
                            ^
compilation terminated.
configure:7402: $? = 1
configure: failed program was:
| /* confdefs.h */
| #define PACKAGE_NAME "lksctp-tools"
| #define PACKAGE_TARNAME "lksctp-tools"
| #define PACKAGE_VERSION "1.0.16"
| #define PACKAGE_STRING "lksctp-tools 1.0.16"
| #define PACKAGE_BUGREPORT ""
| #define PACKAGE_URL "http://www.lksctp.org/"
| #define PACKAGE "lksctp-tools"
| #define VERSION "1.0.16"
| /* end confdefs.h.  */
| #include <ac_nonexistent.h>
configure:7427: result: gcc -E
configure:7447: gcc -E  conftest.c
configure:7447: $? = 0
configure:7461: gcc -E  conftest.c
conftest.c:11:28: fatal error: ac_nonexistent.h: No such file or directory
 #include <ac_nonexistent.h>
                            ^
compilation terminated.
configure:7461: $? = 1
configure: failed program was:
| /* confdefs.h */
| #define PACKAGE_NAME "lksctp-tools"
| #define PACKAGE_TARNAME "lksctp-tools"
| #define PACKAGE_VERSION "1.0.16"
| #define PACKAGE_STRING "lksctp-tools 1.0.16"
| #define PACKAGE_BUGREPORT ""
| #define PACKAGE_URL "http://www.lksctp.org/"
| #define PACKAGE "lksctp-tools"
| #define VERSION "1.0.16"
| /* end confdefs.h.  */
| #include <ac_nonexistent.h>
configure:7490: checking for ANSI C header files
configure:7510: gcc -c -g -O2  conftest.c >&5
configure:7510: $? = 0
configure:7583: gcc -o conftest -g -O2   conftest.c  >&5
configure:7583: $? = 0
configure:7583: ./conftest
configure:7583: $? = 0
configure:7594: result: yes
configure:7607: checking for sys/types.h
configure:7607: gcc -c -g -O2  conftest.c >&5
configure:7607: $? = 0
configure:7607: result: yes
configure:7607: checking for sys/stat.h
configure:7607: gcc -c -g -O2  conftest.c >&5
configure:7607: $? = 0
configure:7607: result: yes
configure:7607: checking for stdlib.h
configure:7607: gcc -c -g -O2  conftest.c >&5
configure:7607: $? = 0
configure:7607: result: yes
configure:7607: checking for string.h
configure:7607: gcc -c -g -O2  conftest.c >&5
configure:7607: $? = 0
configure:7607: result: yes
configure:7607: checking for memory.h
configure:7607: gcc -c -g -O2  conftest.c >&5
configure:7607: $? = 0
configure:7607: result: yes
configure:7607: checking for strings.h
configure:7607: gcc -c -g -O2  conftest.c >&5
configure:7607: $? = 0
configure:7607: result: yes
configure:7607: checking for inttypes.h
configure:7607: gcc -c -g -O2  conftest.c >&5
configure:7607: $? = 0
configure:7607: result: yes
configure:7607: checking for stdint.h
configure:7607: gcc -c -g -O2  conftest.c >&5
configure:7607: $? = 0
configure:7607: result: yes
configure:7607: checking for unistd.h
configure:7607: gcc -c -g -O2  conftest.c >&5
configure:7607: $? = 0
configure:7607: result: yes
configure:7621: checking for dlfcn.h
configure:7621: gcc -c -g -O2  conftest.c >&5
configure:7621: $? = 0
configure:7621: result: yes
configure:7825: checking for objdir
configure:7840: result: .libs
configure:8111: checking if gcc supports -fno-rtti -fno-exceptions
configure:8129: gcc -c -g -O2  -fno-rtti -fno-exceptions conftest.c >&5
cc1: warning: command line option '-fno-rtti' is valid for C++/ObjC++ but not for C
configure:8133: $? = 0
configure:8146: result: no
configure:8473: checking for gcc option to produce PIC
configure:8480: result: -fPIC -DPIC
configure:8488: checking if gcc PIC flag -fPIC -DPIC works
configure:8506: gcc -c -g -O2  -fPIC -DPIC -DPIC conftest.c >&5
configure:8510: $? = 0
configure:8523: result: yes
configure:8552: checking if gcc static flag -static works
configure:8580: result: no
configure:8595: checking if gcc supports -c -o file.o
configure:8616: gcc -c -g -O2  -o out/conftest2.o conftest.c >&5
configure:8620: $? = 0
configure:8642: result: yes
configure:8650: checking if gcc supports -c -o file.o
configure:8697: result: yes
configure:8730: checking whether the gcc linker (/usr/bin/ld -m elf_x86_64) supports shared libraries
configure:9883: result: yes
configure:9920: checking whether -lc should be explicitly linked in
configure:9928: gcc -c -g -O2  conftest.c >&5
configure:9931: $? = 0
configure:9946: gcc -shared  -fPIC -DPIC conftest.o  -v -Wl,-soname -Wl,conftest -o conftest 2\>\&1 \| /usr/bin/grep  -lc  \>/dev/null 2\>\&1
configure:9949: $? = 0
configure:9963: result: no
configure:10123: checking dynamic linker characteristics
configure:10634: gcc -o conftest -g -O2   -Wl,-rpath -Wl,/foo conftest.c  >&5
configure:10634: $? = 0
configure:10860: result: GNU/Linux ld.so
configure:10967: checking how to hardcode library paths into programs
configure:10992: result: immediate
configure:11086: checking for shl_load
configure:11086: gcc -o conftest -g -O2   conftest.c  >&5
/tmp/cc7OAfpE.o: In function `main':
/home/jamema/src/codebase_github/sctp-tools/conftest.c:57: undefined reference to `shl_load'
collect2: error: ld returned 1 exit status
configure:11086: $? = 1
configure: failed program was:
| /* confdefs.h */
| #define PACKAGE_NAME "lksctp-tools"
| #define PACKAGE_TARNAME "lksctp-tools"
| #define PACKAGE_VERSION "1.0.16"
| #define PACKAGE_STRING "lksctp-tools 1.0.16"
| #define PACKAGE_BUGREPORT ""
| #define PACKAGE_URL "http://www.lksctp.org/"
| #define PACKAGE "lksctp-tools"
| #define VERSION "1.0.16"
| #define STDC_HEADERS 1
| #define HAVE_SYS_TYPES_H 1
| #define HAVE_SYS_STAT_H 1
| #define HAVE_STDLIB_H 1
| #define HAVE_STRING_H 1
| #define HAVE_MEMORY_H 1
| #define HAVE_STRINGS_H 1
| #define HAVE_INTTYPES_H 1
| #define HAVE_STDINT_H 1
| #define HAVE_UNISTD_H 1
| #define HAVE_DLFCN_H 1
| #define LT_OBJDIR ".libs/"
| /* end confdefs.h.  */
| /* Define shl_load to an innocuous variant, in case <limits.h> declares shl_load.
|    For example, HP-UX 11i <limits.h> declares gettimeofday.  */
| #define shl_load innocuous_shl_load
| 
| /* System header to define __stub macros and hopefully few prototypes,
|     which can conflict with char shl_load (); below.
|     Prefer <limits.h> to <assert.h> if __STDC__ is defined, since
|     <limits.h> exists even on freestanding compilers.  */
| 
| #ifdef __STDC__
| # include <limits.h>
| #else
| # include <assert.h>
| #endif
| 
| #undef shl_load
| 
| /* Override any GCC internal prototype to avoid an error.
|    Use char because int might match the return type of a GCC
|    builtin and then its argument prototype would still apply.  */
| #ifdef __cplusplus
| extern "C"
| #endif
| char shl_load ();
| /* The GNU C library defines this for functions which it implements
|     to always fail with ENOSYS.  Some functions are actually named
|     something starting with __ and the normal name is an alias.  */
| #if defined __stub_shl_load || defined __stub___shl_load
| choke me
| #endif
| 
| int
| main ()
| {
| return shl_load ();
|   ;
|   return 0;
| }
configure:11086: result: no
configure:11090: checking for shl_load in -ldld
configure:11115: gcc -o conftest -g -O2   conftest.c -ldld   >&5
/usr/bin/ld: cannot find -ldld
collect2: error: ld returned 1 exit status
configure:11115: $? = 1
configure: failed program was:
| /* confdefs.h */
| #define PACKAGE_NAME "lksctp-tools"
| #define PACKAGE_TARNAME "lksctp-tools"
| #define PACKAGE_VERSION "1.0.16"
| #define PACKAGE_STRING "lksctp-tools 1.0.16"
| #define PACKAGE_BUGREPORT ""
| #define PACKAGE_URL "http://www.lksctp.org/"
| #define PACKAGE "lksctp-tools"
| #define VERSION "1.0.16"
| #define STDC_HEADERS 1
| #define HAVE_SYS_TYPES_H 1
| #define HAVE_SYS_STAT_H 1
| #define HAVE_STDLIB_H 1
| #define HAVE_STRING_H 1
| #define HAVE_MEMORY_H 1
| #define HAVE_STRINGS_H 1
| #define HAVE_INTTYPES_H 1
| #define HAVE_STDINT_H 1
| #define HAVE_UNISTD_H 1
| #define HAVE_DLFCN_H 1
| #define LT_OBJDIR ".libs/"
| /* end confdefs.h.  */
| 
| /* Override any GCC internal prototype to avoid an error.
|    Use char because int might match the return type of a GCC
|    builtin and then its argument prototype would still apply.  */
| #ifdef __cplusplus
| extern "C"
| #endif
| char shl_load ();
| int
| main ()
| {
| return shl_load ();
|   ;
|   return 0;
| }
configure:11124: result: no
configure:11129: checking for dlopen
configure:11129: gcc -o conftest -g -O2   conftest.c  >&5
/tmp/ccl5nYMI.o: In function `main':
/home/jamema/src/codebase_github/sctp-tools/conftest.c:57: undefined reference to `dlopen'
collect2: error: ld returned 1 exit status
configure:11129: $? = 1
configure: failed program was:
| /* confdefs.h */
| #define PACKAGE_NAME "lksctp-tools"
| #define PACKAGE_TARNAME "lksctp-tools"
| #define PACKAGE_VERSION "1.0.16"
| #define PACKAGE_STRING "lksctp-tools 1.0.16"
| #define PACKAGE_BUGREPORT ""
| #define PACKAGE_URL "http://www.lksctp.org/"
| #define PACKAGE "lksctp-tools"
| #define VERSION "1.0.16"
| #define STDC_HEADERS 1
| #define HAVE_SYS_TYPES_H 1
| #define HAVE_SYS_STAT_H 1
| #define HAVE_STDLIB_H 1
| #define HAVE_STRING_H 1
| #define HAVE_MEMORY_H 1
| #define HAVE_STRINGS_H 1
| #define HAVE_INTTYPES_H 1
| #define HAVE_STDINT_H 1
| #define HAVE_UNISTD_H 1
| #define HAVE_DLFCN_H 1
| #define LT_OBJDIR ".libs/"
| /* end confdefs.h.  */
| /* Define dlopen to an innocuous variant, in case <limits.h> declares dlopen.
|    For example, HP-UX 11i <limits.h> declares gettimeofday.  */
| #define dlopen innocuous_dlopen
| 
| /* System header to define __stub macros and hopefully few prototypes,
|     which can conflict with char dlopen (); below.
|     Prefer <limits.h> to <assert.h> if __STDC__ is defined, since
|     <limits.h> exists even on freestanding compilers.  */
| 
| #ifdef __STDC__
| # include <limits.h>
| #else
| # include <assert.h>
| #endif
| 
| #undef dlopen
| 
| /* Override any GCC internal prototype to avoid an error.
|    Use char because int might match the return type of a GCC
|    builtin and then its argument prototype would still apply.  */
| #ifdef __cplusplus
| extern "C"
| #endif
| char dlopen ();
| /* The GNU C library defines this for functions which it implements
|     to always fail with ENOSYS.  Some functions are actually named
|     something starting with __ and the normal name is an alias.  */
| #if defined __stub_dlopen || defined __stub___dlopen
| choke me
| #endif
| 
| int
| main ()
| {
| return dlopen ();
|   ;
|   return 0;
| }
configure:11129: result: no
configure:11133: checking for dlopen in -ldl
configure:11158: gcc -o conftest -g -O2   conftest.c -ldl   >&5
configure:11158: $? = 0
configure:11167: result: yes
configure:11286: checking whether a program can dlopen itself
configure:11366: gcc -o conftest -g -O2  -DHAVE_DLFCN_H  -Wl,--export-dynamic conftest.c -ldl  >&5
configure:11369: $? = 0
configure:11387: result: yes
configure:11392: checking whether a statically linked program can dlopen itself
configure:11472: gcc -o conftest -g -O2  -DHAVE_DLFCN_H  -Wl,--export-dynamic  conftest.c -ldl  >&5
configure:11475: $? = 0
configure:11493: result: yes
configure:11532: checking whether stripping libraries is possible
configure:11537: result: yes
configure:11572: checking if libtool supports shared libraries
configure:11574: result: yes
configure:11577: checking whether to build shared libraries
configure:11598: result: yes
configure:11601: checking whether to build static libraries
configure:11605: result: yes
configure:11644: checking for ANSI C header files
configure:11748: result: yes
configure:11756: checking for sys/wait.h that is POSIX.1 compatible
configure:11782: gcc -c -g -O2  conftest.c >&5
configure:11782: $? = 0
configure:11789: result: yes
configure:11800: checking arpa/inet.h usability
configure:11800: gcc -c -g -O2  conftest.c >&5
configure:11800: $? = 0
configure:11800: result: yes
configure:11800: checking arpa/inet.h presence
configure:11800: gcc -E  conftest.c
configure:11800: $? = 0
configure:11800: result: yes
configure:11800: checking for arpa/inet.h
configure:11800: result: yes
configure:11800: checking fcntl.h usability
configure:11800: gcc -c -g -O2  conftest.c >&5
configure:11800: $? = 0
configure:11800: result: yes
configure:11800: checking fcntl.h presence
configure:11800: gcc -E  conftest.c
configure:11800: $? = 0
configure:11800: result: yes
configure:11800: checking for fcntl.h
configure:11800: result: yes
configure:11800: checking malloc.h usability
configure:11800: gcc -c -g -O2  conftest.c >&5
configure:11800: $? = 0
configure:11800: result: yes
configure:11800: checking malloc.h presence
configure:11800: gcc -E  conftest.c
configure:11800: $? = 0
configure:11800: result: yes
configure:11800: checking for malloc.h
configure:11800: result: yes
configure:11800: checking netdb.h usability
configure:11800: gcc -c -g -O2  conftest.c >&5
configure:11800: $? = 0
configure:11800: result: yes
configure:11800: checking netdb.h presence
configure:11800: gcc -E  conftest.c
configure:11800: $? = 0
configure:11800: result: yes
configure:11800: checking for netdb.h
configure:11800: result: yes
configure:11800: checking netinet/in.h usability
configure:11800: gcc -c -g -O2  conftest.c >&5
configure:11800: $? = 0
configure:11800: result: yes
configure:11800: checking netinet/in.h presence
configure:11800: gcc -E  conftest.c
configure:11800: $? = 0
configure:11800: result: yes
configure:11800: checking for netinet/in.h
configure:11800: result: yes
configure:11800: checking for stdint.h
configure:11800: result: yes
configure:11800: checking for stdlib.h
configure:11800: result: yes
configure:11800: checking for string.h
configure:11800: result: yes
configure:11800: checking sys/ioctl.h usability
configure:11800: gcc -c -g -O2  conftest.c >&5
configure:11800: $? = 0
configure:11800: result: yes
configure:11800: checking sys/ioctl.h presence
configure:11800: gcc -E  conftest.c
configure:11800: $? = 0
configure:11800: result: yes
configure:11800: checking for sys/ioctl.h
configure:11800: result: yes
configure:11800: checking sys/param.h usability
configure:11800: gcc -c -g -O2  conftest.c >&5
configure:11800: $? = 0
configure:11800: result: yes
configure:11800: checking sys/param.h presence
configure:11800: gcc -E  conftest.c
configure:11800: $? = 0
configure:11800: result: yes
configure:11800: checking for sys/param.h
configure:11800: result: yes
configure:11800: checking sys/socket.h usability
configure:11800: gcc -c -g -O2  conftest.c >&5
configure:11800: $? = 0
configure:11800: result: yes
configure:11800: checking sys/socket.h presence
configure:11800: gcc -E  conftest.c
configure:11800: $? = 0
configure:11800: result: yes
configure:11800: checking for sys/socket.h
configure:11800: result: yes
configure:11800: checking sys/time.h usability
configure:11800: gcc -c -g -O2  conftest.c >&5
configure:11800: $? = 0
configure:11800: result: yes
configure:11800: checking sys/time.h presence
configure:11800: gcc -E  conftest.c
configure:11800: $? = 0
configure:11800: result: yes
configure:11800: checking for sys/time.h
configure:11800: result: yes
configure:11800: checking for unistd.h
configure:11800: result: yes
configure:11811: checking for an ANSI C-conforming const
configure:11877: gcc -c -g -O2  conftest.c >&5
configure:11877: $? = 0
configure:11884: result: yes
configure:11892: checking for inline
configure:11908: gcc -c -g -O2  conftest.c >&5
configure:11908: $? = 0
configure:11916: result: inline
configure:11934: checking for size_t
configure:11934: gcc -c -g -O2  conftest.c >&5
configure:11934: $? = 0
configure:11934: gcc -c -g -O2  conftest.c >&5
conftest.c: In function 'main':
conftest.c:74:21: error: expected expression before ')' token
 if (sizeof ((size_t)))
                     ^
configure:11934: $? = 1
configure: failed program was:
| /* confdefs.h */
| #define PACKAGE_NAME "lksctp-tools"
| #define PACKAGE_TARNAME "lksctp-tools"
| #define PACKAGE_VERSION "1.0.16"
| #define PACKAGE_STRING "lksctp-tools 1.0.16"
| #define PACKAGE_BUGREPORT ""
| #define PACKAGE_URL "http://www.lksctp.org/"
| #define PACKAGE "lksctp-tools"
| #define VERSION "1.0.16"
| #define STDC_HEADERS 1
| #define HAVE_SYS_TYPES_H 1
| #define HAVE_SYS_STAT_H 1
| #define HAVE_STDLIB_H 1
| #define HAVE_STRING_H 1
| #define HAVE_MEMORY_H 1
| #define HAVE_STRINGS_H 1
| #define HAVE_INTTYPES_H 1
| #define HAVE_STDINT_H 1
| #define HAVE_UNISTD_H 1
| #define HAVE_DLFCN_H 1
| #define LT_OBJDIR ".libs/"
| #define STDC_HEADERS 1
| #define HAVE_SYS_WAIT_H 1
| #define HAVE_ARPA_INET_H 1
| #define HAVE_FCNTL_H 1
| #define HAVE_MALLOC_H 1
| #define HAVE_NETDB_H 1
| #define HAVE_NETINET_IN_H 1
| #define HAVE_STDINT_H 1
| #define HAVE_STDLIB_H 1
| #define HAVE_STRING_H 1
| #define HAVE_SYS_IOCTL_H 1
| #define HAVE_SYS_PARAM_H 1
| #define HAVE_SYS_SOCKET_H 1
| #define HAVE_SYS_TIME_H 1
| #define HAVE_UNISTD_H 1
| /* end confdefs.h.  */
| #include <stdio.h>
| #ifdef HAVE_SYS_TYPES_H
| # include <sys/types.h>
| #endif
| #ifdef HAVE_SYS_STAT_H
| # include <sys/stat.h>
| #endif
| #ifdef STDC_HEADERS
| # include <stdlib.h>
| # include <stddef.h>
| #else
| # ifdef HAVE_STDLIB_H
| #  include <stdlib.h>
| # endif
| #endif
| #ifdef HAVE_STRING_H
| # if !defined STDC_HEADERS && defined HAVE_MEMORY_H
| #  include <memory.h>
| # endif
| # include <string.h>
| #endif
| #ifdef HAVE_STRINGS_H
| # include <strings.h>
| #endif
| #ifdef HAVE_INTTYPES_H
| # include <inttypes.h>
| #endif
| #ifdef HAVE_STDINT_H
| # include <stdint.h>
| #endif
| #ifdef HAVE_UNISTD_H
| # include <unistd.h>
| #endif
| int
| main ()
| {
| if (sizeof ((size_t)))
| 	    return 0;
|   ;
|   return 0;
| }
configure:11934: result: yes
configure:11945: checking whether time.h and sys/time.h may both be included
configure:11965: gcc -c -g -O2  conftest.c >&5
configure:11965: $? = 0
configure:11972: result: yes
configure:11980: checking whether struct tm is in sys/time.h or time.h
configure:12000: gcc -c -g -O2  conftest.c >&5
configure:12000: $? = 0
configure:12007: result: time.h
configure:12015: checking for working volatile
configure:12034: gcc -c -g -O2  conftest.c >&5
configure:12034: $? = 0
configure:12041: result: yes
configure:12053: checking for stdlib.h
configure:12053: result: yes
configure:12063: checking for GNU libc compatible malloc
configure:12087: gcc -o conftest -g -O2   conftest.c  >&5
configure:12087: $? = 0
configure:12087: ./conftest
configure:12087: $? = 0
configure:12097: result: yes
configure:12118: checking for working memcmp
configure:12161: gcc -o conftest -g -O2   conftest.c  >&5
configure:12161: $? = 0
configure:12161: ./conftest
configure:12161: $? = 0
configure:12171: result: yes
configure:12182: checking for stdlib.h
configure:12182: result: yes
configure:12192: checking for GNU libc compatible realloc
configure:12216: gcc -o conftest -g -O2   conftest.c  >&5
configure:12216: $? = 0
configure:12216: ./conftest
configure:12216: $? = 0
configure:12226: result: yes
configure:12250: checking sys/select.h usability
configure:12250: gcc -c -g -O2  conftest.c >&5
configure:12250: $? = 0
configure:12250: result: yes
configure:12250: checking sys/select.h presence
configure:12250: gcc -E  conftest.c
configure:12250: $? = 0
configure:12250: result: yes
configure:12250: checking for sys/select.h
configure:12250: result: yes
configure:12250: checking for sys/socket.h
configure:12250: result: yes
configure:12260: checking types of arguments for select
configure:12288: gcc -c -g -O2  conftest.c >&5
configure:12288: $? = 0
configure:12299: result: int,fd_set *,struct timeval *
configure:12331: checking for vprintf
configure:12331: gcc -o conftest -g -O2   conftest.c  >&5
conftest.c:71:6: warning: conflicting types for built-in function 'vprintf'
 char vprintf ();
      ^
configure:12331: $? = 0
configure:12331: result: yes
configure:12337: checking for _doprnt
configure:12337: gcc -o conftest -g -O2   conftest.c  >&5
/tmp/ccdqqghf.o: In function `main':
/home/jamema/src/codebase_github/sctp-tools/conftest.c:83: undefined reference to `_doprnt'
collect2: error: ld returned 1 exit status
configure:12337: $? = 1
configure: failed program was:
| /* confdefs.h */
| #define PACKAGE_NAME "lksctp-tools"
| #define PACKAGE_TARNAME "lksctp-tools"
| #define PACKAGE_VERSION "1.0.16"
| #define PACKAGE_STRING "lksctp-tools 1.0.16"
| #define PACKAGE_BUGREPORT ""
| #define PACKAGE_URL "http://www.lksctp.org/"
| #define PACKAGE "lksctp-tools"
| #define VERSION "1.0.16"
| #define STDC_HEADERS 1
| #define HAVE_SYS_TYPES_H 1
| #define HAVE_SYS_STAT_H 1
| #define HAVE_STDLIB_H 1
| #define HAVE_STRING_H 1
| #define HAVE_MEMORY_H 1
| #define HAVE_STRINGS_H 1
| #define HAVE_INTTYPES_H 1
| #define HAVE_STDINT_H 1
| #define HAVE_UNISTD_H 1
| #define HAVE_DLFCN_H 1
| #define LT_OBJDIR ".libs/"
| #define STDC_HEADERS 1
| #define HAVE_SYS_WAIT_H 1
| #define HAVE_ARPA_INET_H 1
| #define HAVE_FCNTL_H 1
| #define HAVE_MALLOC_H 1
| #define HAVE_NETDB_H 1
| #define HAVE_NETINET_IN_H 1
| #define HAVE_STDINT_H 1
| #define HAVE_STDLIB_H 1
| #define HAVE_STRING_H 1
| #define HAVE_SYS_IOCTL_H 1
| #define HAVE_SYS_PARAM_H 1
| #define HAVE_SYS_SOCKET_H 1
| #define HAVE_SYS_TIME_H 1
| #define HAVE_UNISTD_H 1
| #define TIME_WITH_SYS_TIME 1
| #define HAVE_STDLIB_H 1
| #define HAVE_MALLOC 1
| #define HAVE_STDLIB_H 1
| #define HAVE_REALLOC 1
| #define HAVE_SYS_SELECT_H 1
| #define HAVE_SYS_SOCKET_H 1
| #define SELECT_TYPE_ARG1 int
| #define SELECT_TYPE_ARG234 (fd_set *)
| #define SELECT_TYPE_ARG5 (struct timeval *)
| #define HAVE_VPRINTF 1
| /* end confdefs.h.  */
| /* Define _doprnt to an innocuous variant, in case <limits.h> declares _doprnt.
|    For example, HP-UX 11i <limits.h> declares gettimeofday.  */
| #define _doprnt innocuous__doprnt
| 
| /* System header to define __stub macros and hopefully few prototypes,
|     which can conflict with char _doprnt (); below.
|     Prefer <limits.h> to <assert.h> if __STDC__ is defined, since
|     <limits.h> exists even on freestanding compilers.  */
| 
| #ifdef __STDC__
| # include <limits.h>
| #else
| # include <assert.h>
| #endif
| 
| #undef _doprnt
| 
| /* Override any GCC internal prototype to avoid an error.
|    Use char because int might match the return type of a GCC
|    builtin and then its argument prototype would still apply.  */
| #ifdef __cplusplus
| extern "C"
| #endif
| char _doprnt ();
| /* The GNU C library defines this for functions which it implements
|     to always fail with ENOSYS.  Some functions are actually named
|     something starting with __ and the normal name is an alias.  */
| #if defined __stub__doprnt || defined __stub____doprnt
| choke me
| #endif
| 
| int
| main ()
| {
| return _doprnt ();
|   ;
|   return 0;
| }
configure:12337: result: no
configure:12351: checking for bzero
configure:12351: gcc -o conftest -g -O2   conftest.c  >&5
conftest.c:72:6: warning: conflicting types for built-in function 'bzero'
 char bzero ();
      ^
configure:12351: $? = 0
configure:12351: result: yes
configure:12351: checking for gethostbyname
configure:12351: gcc -o conftest -g -O2   conftest.c  >&5
configure:12351: $? = 0
configure:12351: result: yes
configure:12351: checking for gettimeofday
configure:12351: gcc -o conftest -g -O2   conftest.c  >&5
configure:12351: $? = 0
configure:12351: result: yes
configure:12351: checking for memmove
configure:12351: gcc -o conftest -g -O2   conftest.c  >&5
conftest.c:75:6: warning: conflicting types for built-in function 'memmove'
 char memmove ();
      ^
configure:12351: $? = 0
configure:12351: result: yes
configure:12351: checking for memset
configure:12351: gcc -o conftest -g -O2   conftest.c  >&5
conftest.c:76:6: warning: conflicting types for built-in function 'memset'
 char memset ();
      ^
configure:12351: $? = 0
configure:12351: result: yes
configure:12351: checking for select
configure:12351: gcc -o conftest -g -O2   conftest.c  >&5
configure:12351: $? = 0
configure:12351: result: yes
configure:12351: checking for socket
configure:12351: gcc -o conftest -g -O2   conftest.c  >&5
configure:12351: $? = 0
configure:12351: result: yes
configure:12351: checking for strchr
configure:12351: gcc -o conftest -g -O2   conftest.c  >&5
conftest.c:79:6: warning: conflicting types for built-in function 'strchr'
 char strchr ();
      ^
configure:12351: $? = 0
configure:12351: result: yes
configure:12351: checking for strerror
configure:12351: gcc -o conftest -g -O2   conftest.c  >&5
configure:12351: $? = 0
configure:12351: result: yes
configure:12351: checking for strtol
configure:12351: gcc -o conftest -g -O2   conftest.c  >&5
configure:12351: $? = 0
configure:12351: result: yes
configure:12351: checking for strtoul
configure:12351: gcc -o conftest -g -O2   conftest.c  >&5
configure:12351: $? = 0
configure:12351: result: yes
configure:12472: checking that generated files are newer than configure
configure:12478: result: done
configure:12501: creating ./config.status

## ---------------------- ##
## Running config.status. ##
## ---------------------- ##

This file was extended by lksctp-tools config.status 1.0.16, which was
generated by GNU Autoconf 2.69.  Invocation command line was

  CONFIG_FILES    = 
  CONFIG_HEADERS  = 
  CONFIG_LINKS    = 
  CONFIG_COMMANDS = 
  $ ./config.status 

on freebird.freebirddomain

config.status:1131: creating lksctp-tools.spec
config.status:1131: creating Makefile
config.status:1131: creating bin/Makefile
config.status:1131: creating man/Makefile
config.status:1131: creating src/Makefile
config.status:1131: creating src/apps/Makefile
config.status:1131: creating src/func_tests/Makefile
config.status:1131: creating src/include/Makefile
config.status:1131: creating src/include/netinet/Makefile
config.status:1131: creating src/lib/Makefile
config.status:1131: creating src/testlib/Makefile
config.status:1131: creating src/withsctp/Makefile
config.status:1131: creating doc/Makefile
config.status:1131: creating config.h
config.status:1360: executing depfiles commands
config.status:1360: executing libtool commands

## ---------------- ##
## Cache variables. ##
## ---------------- ##

ac_cv_build=x86_64-unknown-linux-gnu
ac_cv_c_compiler_gnu=yes
ac_cv_c_const=yes
ac_cv_c_inline=inline
ac_cv_c_volatile=yes
ac_cv_env_CC_set=
ac_cv_env_CC_value=
ac_cv_env_CFLAGS_set=
ac_cv_env_CFLAGS_value=
ac_cv_env_CPPFLAGS_set=
ac_cv_env_CPPFLAGS_value=
ac_cv_env_CPP_set=
ac_cv_env_CPP_value=
ac_cv_env_LDFLAGS_set=
ac_cv_env_LDFLAGS_value=
ac_cv_env_LIBS_set=
ac_cv_env_LIBS_value=
ac_cv_env_build_alias_set=
ac_cv_env_build_alias_value=
ac_cv_env_host_alias_set=
ac_cv_env_host_alias_value=
ac_cv_env_target_alias_set=
ac_cv_env_target_alias_value=
ac_cv_func__doprnt=no
ac_cv_func_bzero=yes
ac_cv_func_dlopen=no
ac_cv_func_gethostbyname=yes
ac_cv_func_gettimeofday=yes
ac_cv_func_malloc_0_nonnull=yes
ac_cv_func_memcmp_working=yes
ac_cv_func_memmove=yes
ac_cv_func_memset=yes
ac_cv_func_realloc_0_nonnull=yes
ac_cv_func_select=yes
ac_cv_func_select_args='int,fd_set *,struct timeval *'
ac_cv_func_setvbuf_reversed=no
ac_cv_func_shl_load=no
ac_cv_func_socket=yes
ac_cv_func_strchr=yes
ac_cv_func_strerror=yes
ac_cv_func_strtol=yes
ac_cv_func_strtoul=yes
ac_cv_func_vprintf=yes
ac_cv_header_arpa_inet_h=yes
ac_cv_header_dlfcn_h=yes
ac_cv_header_fcntl_h=yes
ac_cv_header_inttypes_h=yes
ac_cv_header_malloc_h=yes
ac_cv_header_memory_h=yes
ac_cv_header_netdb_h=yes
ac_cv_header_netinet_in_h=yes
ac_cv_header_stdc=yes
ac_cv_header_stdint_h=yes
ac_cv_header_stdlib_h=yes
ac_cv_header_string_h=yes
ac_cv_header_strings_h=yes
ac_cv_header_sys_ioctl_h=yes
ac_cv_header_sys_param_h=yes
ac_cv_header_sys_select_h=yes
ac_cv_header_sys_socket_h=yes
ac_cv_header_sys_stat_h=yes
ac_cv_header_sys_time_h=yes
ac_cv_header_sys_types_h=yes
ac_cv_header_sys_wait_h=yes
ac_cv_header_time=yes
ac_cv_header_unistd_h=yes
ac_cv_host=x86_64-unknown-linux-gnu
ac_cv_lib_dl_dlopen=yes
ac_cv_lib_dld_shl_load=no
ac_cv_objext=o
ac_cv_path_EGREP='/usr/bin/grep -E'
ac_cv_path_FGREP='/usr/bin/grep -F'
ac_cv_path_GREP=/usr/bin/grep
ac_cv_path_SED=/usr/bin/sed
ac_cv_path_install='/usr/bin/install -c'
ac_cv_path_mkdir=/usr/bin/mkdir
ac_cv_prog_AWK=gawk
ac_cv_prog_CPP='gcc -E'
ac_cv_prog_ac_ct_AR=ar
ac_cv_prog_ac_ct_CC=gcc
ac_cv_prog_ac_ct_OBJDUMP=objdump
ac_cv_prog_ac_ct_RANLIB=ranlib
ac_cv_prog_ac_ct_STRIP=strip
ac_cv_prog_cc_c89=
ac_cv_prog_cc_g=yes
ac_cv_prog_make_make_set=yes
ac_cv_search_strerror='none required'
ac_cv_struct_tm=time.h
ac_cv_type_size_t=yes
am_cv_CC_dependencies_compiler_type=gcc3
am_cv_make_support_nested_variables=yes
am_cv_prog_cc_c_o=yes
lt_cv_ar_at_file=@
lt_cv_archive_cmds_need_lc=no
lt_cv_deplibs_check_method=pass_all
lt_cv_dlopen=dlopen
lt_cv_dlopen_libs=-ldl
lt_cv_dlopen_self=yes
lt_cv_dlopen_self_static=yes
lt_cv_file_magic_cmd='$MAGIC_CMD'
lt_cv_file_magic_test_file=
lt_cv_ld_reload_flag=-r
lt_cv_nm_interface='BSD nm'
lt_cv_objdir=.libs
lt_cv_path_LD=/usr/bin/ld
lt_cv_path_NM='/usr/bin/nm -B'
lt_cv_path_mainfest_tool=no
lt_cv_prog_compiler_c_o=yes
lt_cv_prog_compiler_pic='-fPIC -DPIC'
lt_cv_prog_compiler_pic_works=yes
lt_cv_prog_compiler_rtti_exceptions=no
lt_cv_prog_compiler_static_works=no
lt_cv_prog_gnu_ld=yes
lt_cv_sharedlib_from_linklib_cmd='printf %s\n'
lt_cv_shlibpath_overrides_runpath=no
lt_cv_sys_global_symbol_pipe='sed -n -e '\''s/^.*[	 ]\([ABCDGIRSTW][ABCDGIRSTW]*\)[	 ][	 ]*\([_A-Za-z][_A-Za-z0-9]*\)$/\1 \2 \2/p'\'' | sed '\''/ __gnu_lto/d'\'''
lt_cv_sys_global_symbol_to_c_name_address='sed -n -e '\''s/^: \([^ ]*\)[ ]*$/  {\"\1\", (void *) 0},/p'\'' -e '\''s/^[ABCDGIRSTW]* \([^ ]*\) \([^ ]*\)$/  {"\2", (void *) \&\2},/p'\'''
lt_cv_sys_global_symbol_to_c_name_address_lib_prefix='sed -n -e '\''s/^: \([^ ]*\)[ ]*$/  {\"\1\", (void *) 0},/p'\'' -e '\''s/^[ABCDGIRSTW]* \([^ ]*\) \(lib[^ ]*\)$/  {"\2", (void *) \&\2},/p'\'' -e '\''s/^[ABCDGIRSTW]* \([^ ]*\) \([^ ]*\)$/  {"lib\2", (void *) \&\2},/p'\'''
lt_cv_sys_global_symbol_to_cdecl='sed -n -e '\''s/^T .* \(.*\)$/extern int \1();/p'\'' -e '\''s/^[ABCDGIRSTW]* .* \(.*\)$/extern char \1;/p'\'''
lt_cv_sys_max_cmd_len=1572864
lt_cv_to_host_file_cmd=func_convert_file_noop
lt_cv_to_tool_file_cmd=func_convert_file_noop

## ----------------- ##
## Output variables. ##
## ----------------- ##

ACLOCAL='${SHELL} /home/jamema/src/codebase_github/sctp-tools/bin/missing aclocal-1.14'
AMDEPBACKSLASH='\'
AMDEP_FALSE='#'
AMDEP_TRUE=''
AMTAR='$${TAR-tar}'
AM_BACKSLASH='\'
AM_DEFAULT_V='$(AM_DEFAULT_VERBOSITY)'
AM_DEFAULT_VERBOSITY='0'
AM_V='$(V)'
AR='ar'
AUTOCONF='${SHELL} /home/jamema/src/codebase_github/sctp-tools/bin/missing autoconf'
AUTOHEADER='${SHELL} /home/jamema/src/codebase_github/sctp-tools/bin/missing autoheader'
AUTOMAKE='${SHELL} /home/jamema/src/codebase_github/sctp-tools/bin/missing automake-1.14'
AWK='gawk'
CC='gcc'
CCDEPMODE='depmode=gcc3'
CFLAGS='-g -O2'
CPP='gcc -E'
CPPFLAGS=''
CYGPATH_W='echo'
DEFS='-DHAVE_CONFIG_H'
DEPDIR='.deps'
DLLTOOL='false'
DSYMUTIL=''
DUMPBIN=''
ECHO_C=''
ECHO_N='-n'
ECHO_T=''
EGREP='/usr/bin/grep -E'
EXEEXT=''
FGREP='/usr/bin/grep -F'
GREP='/usr/bin/grep'
INSTALL_DATA='${INSTALL} -m 644'
INSTALL_PROGRAM='${INSTALL}'
INSTALL_SCRIPT='${INSTALL}'
INSTALL_STRIP_PROGRAM='$(install_sh) -c -s'
LD='/usr/bin/ld -m elf_x86_64'
LDFLAGS=''
LIBOBJS=''
LIBS=''
LIBTOOL='$(SHELL) $(top_builddir)/libtool'
LIBTOOL_DEPS='bin/ltmain.sh'
LIPO=''
LN_S='ln -s'
LTLIBOBJS=''
MAKEINFO='${SHELL} /home/jamema/src/codebase_github/sctp-tools/bin/missing makeinfo'
MANIFEST_TOOL=':'
MKDIR_P='/usr/bin/mkdir -p'
NM='/usr/bin/nm -B'
NMEDIT=''
OBJDUMP='objdump'
OBJEXT='o'
OTOOL64=''
OTOOL=''
PACKAGE='lksctp-tools'
PACKAGE_BUGREPORT=''
PACKAGE_NAME='lksctp-tools'
PACKAGE_STRING='lksctp-tools 1.0.16'
PACKAGE_TARNAME='lksctp-tools'
PACKAGE_URL='http://www.lksctp.org/'
PACKAGE_VERSION='1.0.16'
PATH_SEPARATOR=':'
RANLIB='ranlib'
SED='/usr/bin/sed'
SET_MAKE=''
SHELL='/bin/sh'
STRIP='strip'
VERSION='1.0.16'
ac_ct_AR='ar'
ac_ct_CC='gcc'
ac_ct_DUMPBIN=''
am__EXEEXT_FALSE=''
am__EXEEXT_TRUE='#'
am__fastdepCC_FALSE='#'
am__fastdepCC_TRUE=''
am__include='include'
am__isrc=''
am__leading_dot='.'
am__nodep='_no'
am__quote=''
am__tar='$${TAR-tar} chof - "$$tardir"'
am__untar='$${TAR-tar} xf -'
bindir='${exec_prefix}/bin'
build='x86_64-unknown-linux-gnu'
build_alias=''
build_cpu='x86_64'
build_os='linux-gnu'
build_vendor='unknown'
datadir='${datarootdir}'
datarootdir='${prefix}/share'
docdir='${datarootdir}/doc/${PACKAGE_TARNAME}'
dvidir='${docdir}'
exec_prefix='${prefix}'
host='x86_64-unknown-linux-gnu'
host_alias=''
host_cpu='x86_64'
host_os='linux-gnu'
host_vendor='unknown'
htmldir='${docdir}'
includedir='${prefix}/include'
infodir='${datarootdir}/info'
install_sh='${SHELL} /home/jamema/src/codebase_github/sctp-tools/bin/install-sh'
libdir='${exec_prefix}/lib'
libexecdir='${exec_prefix}/libexec'
localedir='${datarootdir}/locale'
localstatedir='${prefix}/var'
mandir='${datarootdir}/man'
mkdir_p='$(MKDIR_P)'
oldincludedir='/usr/include'
pdfdir='${docdir}'
prefix='/usr/local'
program_transform_name='s,x,x,'
psdir='${docdir}'
sbindir='${exec_prefix}/sbin'
sharedstatedir='${prefix}/com'
sysconfdir='${prefix}/etc'
target_alias=''

## ----------- ##
## confdefs.h. ##
## ----------- ##

/* confdefs.h */
#define PACKAGE_NAME "lksctp-tools"
#define PACKAGE_TARNAME "lksctp-tools"
#define PACKAGE_VERSION "1.0.16"
#define PACKAGE_STRING "lksctp-tools 1.0.16"
#define PACKAGE_BUGREPORT ""
#define PACKAGE_URL "http://www.lksctp.org/"
#define PACKAGE "lksctp-tools"
#define VERSION "1.0.16"
#define STDC_HEADERS 1
#define HAVE_SYS_TYPES_H 1
#define HAVE_SYS_STAT_H 1
#define HAVE_STDLIB_H 1
#define HAVE_STRING_H 1
#define HAVE_MEMORY_H 1
#define HAVE_STRINGS_H 1
#define HAVE_INTTYPES_H 1
#define HAVE_STDINT_H 1
#define HAVE_UNISTD_H 1
#define HAVE_DLFCN_H 1
#define LT_OBJDIR ".libs/"
#define STDC_HEADERS 1
#define HAVE_SYS_WAIT_H 1
#define HAVE_ARPA_INET_H 1
#define HAVE_FCNTL_H 1
#define HAVE_MALLOC_H 1
#define HAVE_NETDB_H 1
#define HAVE_NETINET_IN_H 1
#define HAVE_STDINT_H 1
#define HAVE_STDLIB_H 1
#define HAVE_STRING_H 1
#define HAVE_SYS_IOCTL_H 1
#define HAVE_SYS_PARAM_H 1
#define HAVE_SYS_SOCKET_H 1
#define HAVE_SYS_TIME_H 1
#define HAVE_UNISTD_H 1
#define TIME_WITH_SYS_TIME 1
#define HAVE_STDLIB_H 1
#define HAVE_MALLOC 1
#define HAVE_STDLIB_H 1
#define HAVE_REALLOC 1
#define HAVE_SYS_SELECT_H 1
#define HAVE_SYS_SOCKET_H 1
#define SELECT_TYPE_ARG1 int
#define SELECT_TYPE_ARG234 (fd_set *)
#define SELECT_TYPE_ARG5 (struct timeval *)
#define HAVE_VPRINTF 1
#define HAVE_BZERO 1
#define HAVE_GETHOSTBYNAME 1
#define HAVE_GETTIMEOFDAY 1
#define HAVE_MEMMOVE 1
#define HAVE_MEMSET 1
#define HAVE_SELECT 1
#define HAVE_SOCKET 1
#define HAVE_STRCHR 1
#define HAVE_STRERROR 1
#define HAVE_STRTOL 1
#define HAVE_STRTOUL 1

configure: exit 0

## ---------------------- ##
## Running config.status. ##
## ---------------------- ##

This file was extended by lksctp-tools config.status 1.0.16, which was
generated by GNU Autoconf 2.69.  Invocation command line was

  CONFIG_FILES    = 
  CONFIG_HEADERS  = 
  CONFIG_LINKS    = 
  CONFIG_COMMANDS = 
  $ ./config.status config.h

on freebird.freebirddomain

config.status:1131: creating config.h
config.status:1312: config.h is unchanged
