This file contains any messages produced by compilers while
running configure, to aid debugging if configure makes a mistake.

It was created by configurationmanagement-examples configure 0.0.0, which was
generated by GNU Autoconf 2.69.  Invocation command line was

  $ ./configure 

## --------- ##
## Platform. ##
## --------- ##

hostname = freebird.freebirddomain
uname -m = x86_64
uname -r = 4.8.15-300.fc25.x86_64
uname -s = Linux
uname -v = #1 SMP Thu Dec 15 23:10:23 UTC 2016

/usr/bin/uname -p = x86_64
/bin/uname -X     = unknown

/bin/arch              = x86_64
/usr/bin/arch -k       = unknown
/usr/convex/getsysinfo = unknown
/usr/bin/hostinfo      = unknown
/bin/machine           = unknown
/usr/bin/oslevel       = unknown
/bin/universe          = unknown

PATH: /usr/lib64/qt-3.3/bin
PATH: /usr/local/bin
PATH: /bin
PATH: /usr/bin
PATH: /usr/local/sbin
PATH: /usr/sbin
PATH: /sbin
PATH: /home/jamema/.local/bin
PATH: /home/jamema/bin


## ----------- ##
## Core tests. ##
## ----------- ##

configure:2334: checking for a BSD-compatible install
configure:2402: result: /bin/install -c
configure:2413: checking whether build environment is sane
configure:2468: result: yes
configure:2619: checking for a thread-safe mkdir -p
configure:2658: result: /bin/mkdir -p
configure:2665: checking for gawk
configure:2681: found /bin/gawk
configure:2692: result: gawk
configure:2703: checking whether make sets $(MAKE)
configure:2725: result: yes
configure:2754: checking whether make supports nested variables
configure:2771: result: yes
configure:2850: checking how to create a pax tar archive
configure:2861: tar --version
tar (GNU tar) 1.29
Copyright (C) 2015 Free Software Foundation, Inc.
License GPLv3+: GNU GPL version 3 or later <http://gnu.org/licenses/gpl.html>.
This is free software: you are free to change and redistribute it.
There is NO WARRANTY, to the extent permitted by law.

Written by John Gilmore and Jay Fenlason.
configure:2864: $? = 0
configure:2904: tardir=conftest.dir && eval tar --format=posix -chf - "$tardir" >conftest.tar
configure:2907: $? = 0
configure:2911: tar -xf - <conftest.tar
configure:2914: $? = 0
configure:2916: cat conftest.dir/file
GrepMe
configure:2919: $? = 0
configure:2932: result: gnutar
configure:2993: checking whether make supports nested variables
configure:3010: result: yes
configure:3079: checking for g++
configure:3095: found /bin/g++
configure:3106: result: g++
configure:3133: checking for C++ compiler version
configure:3142: g++ --version >&5
g++ (GCC) 6.3.1 20161221 (Red Hat 6.3.1-1)
Copyright (C) 2016 Free Software Foundation, Inc.
This is free software; see the source for copying conditions.  There is NO
warranty; not even for MERCHANTABILITY or FITNESS FOR A PARTICULAR PURPOSE.

configure:3153: $? = 0
configure:3142: g++ -v >&5
Using built-in specs.
COLLECT_GCC=g++
COLLECT_LTO_WRAPPER=/usr/libexec/gcc/x86_64-redhat-linux/6.3.1/lto-wrapper
Target: x86_64-redhat-linux
Configured with: ../configure --enable-bootstrap --enable-languages=c,c++,objc,obj-c++,fortran,ada,go,lto --prefix=/usr --mandir=/usr/share/man --infodir=/usr/share/info --with-bugurl=http://bugzilla.redhat.com/bugzilla --enable-shared --enable-threads=posix --enable-checking=release --enable-multilib --with-system-zlib --enable-__cxa_atexit --disable-libunwind-exceptions --enable-gnu-unique-object --enable-linker-build-id --with-linker-hash-style=gnu --enable-plugin --enable-initfini-array --disable-libgcj --with-isl --enable-libmpx --enable-gnu-indirect-function --with-tune=generic --with-arch_32=i686 --build=x86_64-redhat-linux
Thread model: posix
gcc version 6.3.1 20161221 (Red Hat 6.3.1-1) (GCC) 
configure:3153: $? = 0
configure:3142: g++ -V >&5
g++: error: unrecognized command line option '-V'
g++: fatal error: no input files
compilation terminated.
configure:3153: $? = 1
configure:3142: g++ -qversion >&5
g++: error: unrecognized command line option '-qversion'; did you mean '--version'?
g++: fatal error: no input files
compilation terminated.
configure:3153: $? = 1
configure:3173: checking whether the C++ compiler works
configure:3195: g++    conftest.cpp  >&5
configure:3199: $? = 0
configure:3247: result: yes
configure:3250: checking for C++ compiler default output file name
configure:3252: result: a.out
configure:3258: checking for suffix of executables
configure:3265: g++ -o conftest    conftest.cpp  >&5
configure:3269: $? = 0
configure:3291: result: 
configure:3313: checking whether we are cross compiling
configure:3321: g++ -o conftest    conftest.cpp  >&5
configure:3325: $? = 0
configure:3332: ./conftest
configure:3336: $? = 0
configure:3351: result: no
configure:3356: checking for suffix of object files
configure:3378: g++ -c   conftest.cpp >&5
configure:3382: $? = 0
configure:3403: result: o
configure:3407: checking whether we are using the GNU C++ compiler
configure:3426: g++ -c   conftest.cpp >&5
configure:3426: $? = 0
configure:3435: result: yes
configure:3444: checking whether g++ accepts -g
configure:3464: g++ -c -g  conftest.cpp >&5
configure:3464: $? = 0
configure:3505: result: yes
configure:3539: checking for style of include used by make
configure:3567: result: GNU
configure:3593: checking dependency style of g++
configure:3704: result: gcc3
configure:3754: checking build system type
configure:3768: result: x86_64-unknown-linux-gnu
configure:3788: checking host system type
configure:3801: result: x86_64-unknown-linux-gnu
configure:3842: checking how to print strings
configure:3869: result: printf
configure:3938: checking for gcc
configure:3954: found /bin/gcc
configure:3965: result: gcc
configure:4194: checking for C compiler version
configure:4203: gcc --version >&5
gcc (GCC) 6.3.1 20161221 (Red Hat 6.3.1-1)
Copyright (C) 2016 Free Software Foundation, Inc.
This is free software; see the source for copying conditions.  There is NO
warranty; not even for MERCHANTABILITY or FITNESS FOR A PARTICULAR PURPOSE.

configure:4214: $? = 0
configure:4203: gcc -v >&5
Using built-in specs.
COLLECT_GCC=gcc
COLLECT_LTO_WRAPPER=/usr/libexec/gcc/x86_64-redhat-linux/6.3.1/lto-wrapper
Target: x86_64-redhat-linux
Configured with: ../configure --enable-bootstrap --enable-languages=c,c++,objc,obj-c++,fortran,ada,go,lto --prefix=/usr --mandir=/usr/share/man --infodir=/usr/share/info --with-bugurl=http://bugzilla.redhat.com/bugzilla --enable-shared --enable-threads=posix --enable-checking=release --enable-multilib --with-system-zlib --enable-__cxa_atexit --disable-libunwind-exceptions --enable-gnu-unique-object --enable-linker-build-id --with-linker-hash-style=gnu --enable-plugin --enable-initfini-array --disable-libgcj --with-isl --enable-libmpx --enable-gnu-indirect-function --with-tune=generic --with-arch_32=i686 --build=x86_64-redhat-linux
Thread model: posix
gcc version 6.3.1 20161221 (Red Hat 6.3.1-1) (GCC) 
configure:4214: $? = 0
configure:4203: gcc -V >&5
gcc: error: unrecognized command line option '-V'
gcc: fatal error: no input files
compilation terminated.
configure:4214: $? = 1
configure:4203: gcc -qversion >&5
gcc: error: unrecognized command line option '-qversion'; did you mean '--version'?
gcc: fatal error: no input files
compilation terminated.
configure:4214: $? = 1
configure:4218: checking whether we are using the GNU C compiler
configure:4237: gcc -c   conftest.c >&5
configure:4237: $? = 0
configure:4246: result: yes
configure:4255: checking whether gcc accepts -g
configure:4275: gcc -c -g  conftest.c >&5
configure:4275: $? = 0
configure:4316: result: yes
configure:4333: checking for gcc option to accept ISO C89
configure:4396: gcc  -c -g -O2  conftest.c >&5
configure:4396: $? = 0
configure:4409: result: none needed
configure:4434: checking whether gcc understands -c and -o together
configure:4456: gcc -c conftest.c -o conftest2.o
configure:4459: $? = 0
configure:4456: gcc -c conftest.c -o conftest2.o
configure:4459: $? = 0
configure:4471: result: yes
configure:4490: checking dependency style of gcc
configure:4601: result: gcc3
configure:4616: checking for a sed that does not truncate output
configure:4680: result: /bin/sed
configure:4698: checking for grep that handles long lines and -e
configure:4756: result: /bin/grep
configure:4761: checking for egrep
configure:4823: result: /bin/grep -E
configure:4828: checking for fgrep
configure:4890: result: /bin/grep -F
configure:4925: checking for ld used by gcc
configure:4992: result: /bin/ld
configure:4999: checking if the linker (/bin/ld) is GNU ld
configure:5014: result: yes
configure:5026: checking for BSD- or MS-compatible name lister (nm)
configure:5080: result: /bin/nm -B
configure:5210: checking the name lister (/bin/nm -B) interface
configure:5217: g++ -c -g -O2  conftest.cpp >&5
configure:5220: /bin/nm -B "conftest.o"
configure:5223: output
0000000000000000 B some_variable
configure:5230: result: BSD nm
configure:5233: checking whether ln -s works
configure:5237: result: yes
configure:5245: checking the maximum length of command line arguments
configure:5376: result: 1572864
configure:5424: checking how to convert x86_64-unknown-linux-gnu file names to x86_64-unknown-linux-gnu format
configure:5464: result: func_convert_file_noop
configure:5471: checking how to convert x86_64-unknown-linux-gnu file names to toolchain format
configure:5491: result: func_convert_file_noop
configure:5498: checking for /bin/ld option to reload object files
configure:5505: result: -r
configure:5579: checking for objdump
configure:5595: found /bin/objdump
configure:5606: result: objdump
configure:5638: checking how to recognize dependent libraries
configure:5838: result: pass_all
configure:5923: checking for dlltool
configure:5953: result: no
configure:5983: checking how to associate runtime and link libraries
configure:6010: result: printf %s\n
configure:6071: checking for ar
configure:6087: found /bin/ar
configure:6098: result: ar
configure:6135: checking for archiver @FILE support
configure:6152: g++ -c -g -O2  conftest.cpp >&5
configure:6152: $? = 0
configure:6155: ar cru libconftest.a @conftest.lst >&5
configure:6158: $? = 0
configure:6163: ar cru libconftest.a @conftest.lst >&5
ar: conftest.o: No such file or directory
configure:6166: $? = 1
configure:6178: result: @
configure:6236: checking for strip
configure:6252: found /bin/strip
configure:6263: result: strip
configure:6335: checking for ranlib
configure:6351: found /bin/ranlib
configure:6362: result: ranlib
configure:6464: checking command to parse /bin/nm -B output from gcc object
configure:6617: g++ -c -g -O2  conftest.cpp >&5
configure:6620: $? = 0
configure:6624: /bin/nm -B conftest.o \| sed -n -e 's/^.*[ ]\([ABCDGIRSTW][ABCDGIRSTW]*\)[ ][ ]*\([_A-Za-z][_A-Za-z0-9]*\)$/\1 \2 \2/p' | sed '/ __gnu_lto/d' \> conftest.nm
configure:6627: $? = 0
configure:6693: g++ -o conftest -g -O2   conftest.cpp conftstm.o >&5
configure:6696: $? = 0
configure:6734: result: ok
configure:6781: checking for sysroot
configure:6811: result: no
configure:6818: checking for a working dd
configure:6856: result: /bin/dd
configure:6860: checking how to truncate binary pipes
configure:6875: result: /bin/dd bs=4096 count=1
configure:7012: g++ -c -g -O2  conftest.cpp >&5
configure:7015: $? = 0
configure:7205: checking for mt
configure:7235: result: no
configure:7255: checking if : is a manifest tool
configure:7261: : '-?'
configure:7269: result: no
configure:7946: checking how to run the C preprocessor
configure:7977: gcc -E  conftest.c
configure:7977: $? = 0
configure:7991: gcc -E  conftest.c
conftest.c:11:28: fatal error: ac_nonexistent.h: No such file or directory
 #include <ac_nonexistent.h>
                            ^
compilation terminated.
configure:7991: $? = 1
configure: failed program was:
| /* confdefs.h */
| #define PACKAGE_NAME "configurationmanagement-examples"
| #define PACKAGE_TARNAME "configurationmanagement-examples"
| #define PACKAGE_VERSION "0.0.0"
| #define PACKAGE_STRING "configurationmanagement-examples 0.0.0"
| #define PACKAGE_BUGREPORT ""
| #define PACKAGE_URL "https://gitlabe1.ext.net.nokia.com/cm/configurationmanagement-examples"
| #define PACKAGE "configurationmanagement-examples"
| #define VERSION "0.0.0"
| /* end confdefs.h.  */
| #include <ac_nonexistent.h>
configure:8016: result: gcc -E
configure:8036: gcc -E  conftest.c
configure:8036: $? = 0
configure:8050: gcc -E  conftest.c
conftest.c:11:28: fatal error: ac_nonexistent.h: No such file or directory
 #include <ac_nonexistent.h>
                            ^
compilation terminated.
configure:8050: $? = 1
configure: failed program was:
| /* confdefs.h */
| #define PACKAGE_NAME "configurationmanagement-examples"
| #define PACKAGE_TARNAME "configurationmanagement-examples"
| #define PACKAGE_VERSION "0.0.0"
| #define PACKAGE_STRING "configurationmanagement-examples 0.0.0"
| #define PACKAGE_BUGREPORT ""
| #define PACKAGE_URL "https://gitlabe1.ext.net.nokia.com/cm/configurationmanagement-examples"
| #define PACKAGE "configurationmanagement-examples"
| #define VERSION "0.0.0"
| /* end confdefs.h.  */
| #include <ac_nonexistent.h>
configure:8079: checking for ANSI C header files
configure:8099: gcc -c -g -O2  conftest.c >&5
configure:8099: $? = 0
configure:8172: gcc -o conftest -g -O2   conftest.c  >&5
configure:8172: $? = 0
configure:8172: ./conftest
configure:8172: $? = 0
configure:8183: result: yes
configure:8196: checking for sys/types.h
configure:8196: gcc -c -g -O2  conftest.c >&5
configure:8196: $? = 0
configure:8196: result: yes
configure:8196: checking for sys/stat.h
configure:8196: gcc -c -g -O2  conftest.c >&5
configure:8196: $? = 0
configure:8196: result: yes
configure:8196: checking for stdlib.h
configure:8196: gcc -c -g -O2  conftest.c >&5
configure:8196: $? = 0
configure:8196: result: yes
configure:8196: checking for string.h
configure:8196: gcc -c -g -O2  conftest.c >&5
configure:8196: $? = 0
configure:8196: result: yes
configure:8196: checking for memory.h
configure:8196: gcc -c -g -O2  conftest.c >&5
configure:8196: $? = 0
configure:8196: result: yes
configure:8196: checking for strings.h
configure:8196: gcc -c -g -O2  conftest.c >&5
configure:8196: $? = 0
configure:8196: result: yes
configure:8196: checking for inttypes.h
configure:8196: gcc -c -g -O2  conftest.c >&5
configure:8196: $? = 0
configure:8196: result: yes
configure:8196: checking for stdint.h
configure:8196: gcc -c -g -O2  conftest.c >&5
configure:8196: $? = 0
configure:8196: result: yes
configure:8196: checking for unistd.h
configure:8196: gcc -c -g -O2  conftest.c >&5
configure:8196: $? = 0
configure:8196: result: yes
configure:8210: checking for dlfcn.h
configure:8210: gcc -c -g -O2  conftest.c >&5
configure:8210: $? = 0
configure:8210: result: yes
configure:8476: checking for objdir
configure:8491: result: .libs
configure:8755: checking if gcc supports -fno-rtti -fno-exceptions
configure:8773: gcc -c -g -O2  -fno-rtti -fno-exceptions conftest.c >&5
cc1: warning: command line option '-fno-rtti' is valid for C++/ObjC++ but not for C
configure:8777: $? = 0
configure:8790: result: no
configure:9148: checking for gcc option to produce PIC
configure:9155: result: -fPIC -DPIC
configure:9163: checking if gcc PIC flag -fPIC -DPIC works
configure:9181: gcc -c -g -O2  -fPIC -DPIC -DPIC conftest.c >&5
configure:9185: $? = 0
configure:9198: result: yes
configure:9227: checking if gcc static flag -static works
configure:9255: result: no
configure:9270: checking if gcc supports -c -o file.o
configure:9291: gcc -c -g -O2  -o out/conftest2.o conftest.c >&5
configure:9295: $? = 0
configure:9317: result: yes
configure:9325: checking if gcc supports -c -o file.o
configure:9372: result: yes
configure:9405: checking whether the gcc linker (/bin/ld -m elf_x86_64) supports shared libraries
configure:10664: result: yes
configure:10701: checking whether -lc should be explicitly linked in
configure:10709: gcc -c -g -O2  conftest.c >&5
configure:10712: $? = 0
configure:10727: gcc -shared  -fPIC -DPIC conftest.o  -v -Wl,-soname -Wl,conftest -o conftest 2\>\&1 \| /bin/grep  -lc  \>/dev/null 2\>\&1
configure:10730: $? = 0
configure:10744: result: no
configure:10904: checking dynamic linker characteristics
configure:11485: gcc -o conftest -g -O2   -Wl,-rpath -Wl,/foo conftest.c  >&5
configure:11485: $? = 0
configure:11722: result: GNU/Linux ld.so
configure:11844: checking how to hardcode library paths into programs
configure:11869: result: immediate
configure:12417: checking whether stripping libraries is possible
configure:12422: result: yes
configure:12457: checking if libtool supports shared libraries
configure:12459: result: yes
configure:12462: checking whether to build shared libraries
configure:12487: result: yes
configure:12490: checking whether to build static libraries
configure:12494: result: yes
configure:12517: checking how to run the C++ preprocessor
configure:12544: g++ -E  conftest.cpp
configure:12544: $? = 0
configure:12558: g++ -E  conftest.cpp
conftest.cpp:23:28: fatal error: ac_nonexistent.h: No such file or directory
 #include <ac_nonexistent.h>
                            ^
compilation terminated.
configure:12558: $? = 1
configure: failed program was:
| /* confdefs.h */
| #define PACKAGE_NAME "configurationmanagement-examples"
| #define PACKAGE_TARNAME "configurationmanagement-examples"
| #define PACKAGE_VERSION "0.0.0"
| #define PACKAGE_STRING "configurationmanagement-examples 0.0.0"
| #define PACKAGE_BUGREPORT ""
| #define PACKAGE_URL "https://gitlabe1.ext.net.nokia.com/cm/configurationmanagement-examples"
| #define PACKAGE "configurationmanagement-examples"
| #define VERSION "0.0.0"
| #define STDC_HEADERS 1
| #define HAVE_SYS_TYPES_H 1
| #define HAVE_SYS_STAT_H 1
| #define HAVE_STDLIB_H 1
| #define HAVE_STRING_H 1
| #define HAVE_MEMORY_H 1
| #define HAVE_STRINGS_H 1
| #define HAVE_INTTYPES_H 1
| #define HAVE_STDINT_H 1
| #define HAVE_UNISTD_H 1
| #define HAVE_DLFCN_H 1
| #define LT_OBJDIR ".libs/"
| /* end confdefs.h.  */
| #include <ac_nonexistent.h>
configure:12583: result: g++ -E
configure:12603: g++ -E  conftest.cpp
configure:12603: $? = 0
configure:12617: g++ -E  conftest.cpp
conftest.cpp:23:28: fatal error: ac_nonexistent.h: No such file or directory
 #include <ac_nonexistent.h>
                            ^
compilation terminated.
configure:12617: $? = 1
configure: failed program was:
| /* confdefs.h */
| #define PACKAGE_NAME "configurationmanagement-examples"
| #define PACKAGE_TARNAME "configurationmanagement-examples"
| #define PACKAGE_VERSION "0.0.0"
| #define PACKAGE_STRING "configurationmanagement-examples 0.0.0"
| #define PACKAGE_BUGREPORT ""
| #define PACKAGE_URL "https://gitlabe1.ext.net.nokia.com/cm/configurationmanagement-examples"
| #define PACKAGE "configurationmanagement-examples"
| #define VERSION "0.0.0"
| #define STDC_HEADERS 1
| #define HAVE_SYS_TYPES_H 1
| #define HAVE_SYS_STAT_H 1
| #define HAVE_STDLIB_H 1
| #define HAVE_STRING_H 1
| #define HAVE_MEMORY_H 1
| #define HAVE_STRINGS_H 1
| #define HAVE_INTTYPES_H 1
| #define HAVE_STDINT_H 1
| #define HAVE_UNISTD_H 1
| #define HAVE_DLFCN_H 1
| #define LT_OBJDIR ".libs/"
| /* end confdefs.h.  */
| #include <ac_nonexistent.h>
configure:12779: checking for ld used by g++
configure:12846: result: /bin/ld -m elf_x86_64
configure:12853: checking if the linker (/bin/ld -m elf_x86_64) is GNU ld
configure:12868: result: yes
configure:12923: checking whether the g++ linker (/bin/ld -m elf_x86_64) supports shared libraries
configure:13996: result: yes
configure:14032: g++ -c -g -O2  conftest.cpp >&5
configure:14035: $? = 0
configure:14516: checking for g++ option to produce PIC
configure:14523: result: -fPIC -DPIC
configure:14531: checking if g++ PIC flag -fPIC -DPIC works
configure:14549: g++ -c -g -O2  -fPIC -DPIC -DPIC conftest.cpp >&5
configure:14553: $? = 0
configure:14566: result: yes
configure:14589: checking if g++ static flag -static works
configure:14617: result: no
configure:14629: checking if g++ supports -c -o file.o
configure:14650: g++ -c -g -O2  -o out/conftest2.o conftest.cpp >&5
configure:14654: $? = 0
configure:14676: result: yes
configure:14681: checking if g++ supports -c -o file.o
configure:14728: result: yes
configure:14758: checking whether the g++ linker (/bin/ld -m elf_x86_64) supports shared libraries
configure:14798: result: yes
configure:14939: checking dynamic linker characteristics
configure:15684: result: GNU/Linux ld.so
configure:15749: checking how to hardcode library paths into programs
configure:15774: result: immediate
configure:15890: checking for pkg-config
configure:15908: found /bin/pkg-config
configure:15920: result: /bin/pkg-config
configure:15945: checking pkg-config is at least version 0.9.0
configure:15948: result: yes
configure:15958: checking for LIBCM
configure:15965: $PKG_CONFIG --exists --print-errors "libcm"
configure:15968: $? = 0
configure:15982: $PKG_CONFIG --exists --print-errors "libcm"
configure:15985: $? = 0
configure:16043: result: yes
configure:16049: checking for PROTOBUF
configure:16056: $PKG_CONFIG --exists --print-errors "protobuf >= 2.5.0"
configure:16059: $? = 0
configure:16073: $PKG_CONFIG --exists --print-errors "protobuf >= 2.5.0"
configure:16076: $? = 0
configure:16134: result: yes
configure:16167: checking whether g++ supports C++11 features by default
configure:16461: g++ -c -g -O2  conftest.cpp >&5
configure:16461: $? = 0
configure:16468: result: yes
configure:16821: checking for protoc
configure:16837: found /bin/protoc
configure:16849: result: protoc
configure:17004: checking that generated files are newer than configure
configure:17010: result: done
configure:17041: creating ./config.status

## ---------------------- ##
## Running config.status. ##
## ---------------------- ##

This file was extended by configurationmanagement-examples config.status 0.0.0, which was
generated by GNU Autoconf 2.69.  Invocation command line was

  CONFIG_FILES    = 
  CONFIG_HEADERS  = 
  CONFIG_LINKS    = 
  CONFIG_COMMANDS = 
  $ ./config.status 

on freebird.freebirddomain

config.status:1085: creating Makefile
config.status:1085: creating cmexample1/Makefile
config.status:1085: creating cmexample2/Makefile
config.status:1257: executing depfiles commands
config.status:1257: executing libtool commands

## ---------------- ##
## Cache variables. ##
## ---------------- ##

ac_cv_build=x86_64-unknown-linux-gnu
ac_cv_c_compiler_gnu=yes
ac_cv_cxx_compiler_gnu=yes
ac_cv_env_CCC_set=
ac_cv_env_CCC_value=
ac_cv_env_CC_set=
ac_cv_env_CC_value=
ac_cv_env_CFLAGS_set=
ac_cv_env_CFLAGS_value=
ac_cv_env_CPPFLAGS_set=
ac_cv_env_CPPFLAGS_value=
ac_cv_env_CPP_set=
ac_cv_env_CPP_value=
ac_cv_env_CXXCPP_set=
ac_cv_env_CXXCPP_value=
ac_cv_env_CXXFLAGS_set=
ac_cv_env_CXXFLAGS_value=
ac_cv_env_CXX_set=
ac_cv_env_CXX_value=
ac_cv_env_LDFLAGS_set=
ac_cv_env_LDFLAGS_value=
ac_cv_env_LIBCM_CFLAGS_set=
ac_cv_env_LIBCM_CFLAGS_value=
ac_cv_env_LIBCM_LIBS_set=
ac_cv_env_LIBCM_LIBS_value=
ac_cv_env_LIBS_set=
ac_cv_env_LIBS_value=
ac_cv_env_LT_SYS_LIBRARY_PATH_set=
ac_cv_env_LT_SYS_LIBRARY_PATH_value=
ac_cv_env_PKG_CONFIG_LIBDIR_set=
ac_cv_env_PKG_CONFIG_LIBDIR_value=
ac_cv_env_PKG_CONFIG_PATH_set=set
ac_cv_env_PKG_CONFIG_PATH_value=/usr/local/lib/pkgconfig
ac_cv_env_PKG_CONFIG_set=
ac_cv_env_PKG_CONFIG_value=
ac_cv_env_PROTOBUF_CFLAGS_set=
ac_cv_env_PROTOBUF_CFLAGS_value=
ac_cv_env_PROTOBUF_LIBS_set=
ac_cv_env_PROTOBUF_LIBS_value=
ac_cv_env_build_alias_set=
ac_cv_env_build_alias_value=
ac_cv_env_host_alias_set=
ac_cv_env_host_alias_value=
ac_cv_env_target_alias_set=
ac_cv_env_target_alias_value=
ac_cv_header_dlfcn_h=yes
ac_cv_header_inttypes_h=yes
ac_cv_header_memory_h=yes
ac_cv_header_stdc=yes
ac_cv_header_stdint_h=yes
ac_cv_header_stdlib_h=yes
ac_cv_header_string_h=yes
ac_cv_header_strings_h=yes
ac_cv_header_sys_stat_h=yes
ac_cv_header_sys_types_h=yes
ac_cv_header_unistd_h=yes
ac_cv_host=x86_64-unknown-linux-gnu
ac_cv_objext=o
ac_cv_path_EGREP='/bin/grep -E'
ac_cv_path_FGREP='/bin/grep -F'
ac_cv_path_GREP=/bin/grep
ac_cv_path_SED=/bin/sed
ac_cv_path_ac_pt_PKG_CONFIG=/bin/pkg-config
ac_cv_path_install='/bin/install -c'
ac_cv_path_lt_DD=/bin/dd
ac_cv_path_mkdir=/bin/mkdir
ac_cv_prog_AWK=gawk
ac_cv_prog_CPP='gcc -E'
ac_cv_prog_CXXCPP='g++ -E'
ac_cv_prog_PROTOC=protoc
ac_cv_prog_ac_ct_AR=ar
ac_cv_prog_ac_ct_CC=gcc
ac_cv_prog_ac_ct_CXX=g++
ac_cv_prog_ac_ct_OBJDUMP=objdump
ac_cv_prog_ac_ct_RANLIB=ranlib
ac_cv_prog_ac_ct_STRIP=strip
ac_cv_prog_cc_c89=
ac_cv_prog_cc_g=yes
ac_cv_prog_cxx_g=yes
ac_cv_prog_make_make_set=yes
am_cv_CC_dependencies_compiler_type=gcc3
am_cv_CXX_dependencies_compiler_type=gcc3
am_cv_make_support_nested_variables=yes
am_cv_prog_cc_c_o=yes
am_cv_prog_tar_pax=gnutar
ax_cv_cxx_compile_cxx11=yes
lt_cv_ar_at_file=@
lt_cv_archive_cmds_need_lc=no
lt_cv_deplibs_check_method=pass_all
lt_cv_file_magic_cmd='$MAGIC_CMD'
lt_cv_file_magic_test_file=
lt_cv_ld_reload_flag=-r
lt_cv_nm_interface='BSD nm'
lt_cv_objdir=.libs
lt_cv_path_LD=/bin/ld
lt_cv_path_LDCXX='/bin/ld -m elf_x86_64'
lt_cv_path_NM='/bin/nm -B'
lt_cv_path_mainfest_tool=no
lt_cv_prog_compiler_c_o=yes
lt_cv_prog_compiler_c_o_CXX=yes
lt_cv_prog_compiler_pic='-fPIC -DPIC'
lt_cv_prog_compiler_pic_CXX='-fPIC -DPIC'
lt_cv_prog_compiler_pic_works=yes
lt_cv_prog_compiler_pic_works_CXX=yes
lt_cv_prog_compiler_rtti_exceptions=no
lt_cv_prog_compiler_static_works=no
lt_cv_prog_compiler_static_works_CXX=no
lt_cv_prog_gnu_ld=yes
lt_cv_prog_gnu_ldcxx=yes
lt_cv_sharedlib_from_linklib_cmd='printf %s\n'
lt_cv_shlibpath_overrides_runpath=no
lt_cv_sys_global_symbol_pipe='sed -n -e '\''s/^.*[	 ]\([ABCDGIRSTW][ABCDGIRSTW]*\)[	 ][	 ]*\([_A-Za-z][_A-Za-z0-9]*\)$/\1 \2 \2/p'\'' | sed '\''/ __gnu_lto/d'\'''
lt_cv_sys_global_symbol_to_c_name_address='sed -n -e '\''s/^: \(.*\) .*$/  {"\1", (void *) 0},/p'\'' -e '\''s/^[ABCDGIRSTW][ABCDGIRSTW]* .* \(.*\)$/  {"\1", (void *) \&\1},/p'\'''
lt_cv_sys_global_symbol_to_c_name_address_lib_prefix='sed -n -e '\''s/^: \(.*\) .*$/  {"\1", (void *) 0},/p'\'' -e '\''s/^[ABCDGIRSTW][ABCDGIRSTW]* .* \(lib.*\)$/  {"\1", (void *) \&\1},/p'\'' -e '\''s/^[ABCDGIRSTW][ABCDGIRSTW]* .* \(.*\)$/  {"lib\1", (void *) \&\1},/p'\'''
lt_cv_sys_global_symbol_to_cdecl='sed -n -e '\''s/^T .* \(.*\)$/extern int \1();/p'\'' -e '\''s/^[ABCDGIRSTW][ABCDGIRSTW]* .* \(.*\)$/extern char \1;/p'\'''
lt_cv_sys_global_symbol_to_import=
lt_cv_sys_max_cmd_len=1572864
lt_cv_to_host_file_cmd=func_convert_file_noop
lt_cv_to_tool_file_cmd=func_convert_file_noop
lt_cv_truncate_bin='/bin/dd bs=4096 count=1'
pkg_cv_LIBCM_CFLAGS='-std=c++11 -I/usr/local/include'
pkg_cv_LIBCM_LIBS='-L/usr/local/lib -lcm'
pkg_cv_PROTOBUF_CFLAGS=
pkg_cv_PROTOBUF_LIBS='-lprotobuf -lpthread'

## ----------------- ##
## Output variables. ##
## ----------------- ##

ACLOCAL='${SHELL} /home/jamema/src/rcp2.0-cm/configurationmanagement-examples/build-aux/missing aclocal-1.15'
AMDEPBACKSLASH='\'
AMDEP_FALSE='#'
AMDEP_TRUE=''
AMTAR='$${TAR-tar}'
AM_BACKSLASH='\'
AM_DEFAULT_V='$(AM_DEFAULT_VERBOSITY)'
AM_DEFAULT_VERBOSITY='0'
AM_V='$(V)'
AR='ar'
AUTOCONF='${SHELL} /home/jamema/src/rcp2.0-cm/configurationmanagement-examples/build-aux/missing autoconf'
AUTOHEADER='${SHELL} /home/jamema/src/rcp2.0-cm/configurationmanagement-examples/build-aux/missing autoheader'
AUTOMAKE='${SHELL} /home/jamema/src/rcp2.0-cm/configurationmanagement-examples/build-aux/missing automake-1.15'
AWK='gawk'
CC='gcc'
CCDEPMODE='depmode=gcc3'
CFLAGS='-g -O2'
CM_CONF_DIR='/usr/local/etc/configurationmanagement.d'
CPP='gcc -E'
CPPFLAGS=''
CXX='g++'
CXXCPP='g++ -E'
CXXDEPMODE='depmode=gcc3'
CXXFLAGS='-g -O2'
CYGPATH_W='echo'
DEFS='-DPACKAGE_NAME=\"configurationmanagement-examples\" -DPACKAGE_TARNAME=\"configurationmanagement-examples\" -DPACKAGE_VERSION=\"0.0.0\" -DPACKAGE_STRING=\"configurationmanagement-examples\ 0.0.0\" -DPACKAGE_BUGREPORT=\"\" -DPACKAGE_URL=\"https://gitlabe1.ext.net.nokia.com/cm/configurationmanagement-examples\" -DPACKAGE=\"configurationmanagement-examples\" -DVERSION=\"0.0.0\" -DSTDC_HEADERS=1 -DHAVE_SYS_TYPES_H=1 -DHAVE_SYS_STAT_H=1 -DHAVE_STDLIB_H=1 -DHAVE_STRING_H=1 -DHAVE_MEMORY_H=1 -DHAVE_STRINGS_H=1 -DHAVE_INTTYPES_H=1 -DHAVE_STDINT_H=1 -DHAVE_UNISTD_H=1 -DHAVE_DLFCN_H=1 -DLT_OBJDIR=\".libs/\" -DHAVE_CXX11=1'
DEPDIR='.deps'
DLLTOOL='false'
DSYMUTIL=''
DUMPBIN=''
ECHO_C=''
ECHO_N='-n'
ECHO_T=''
EGREP='/bin/grep -E'
ENABLE_CM_CONF_FALSE='#'
ENABLE_CM_CONF_TRUE=''
EXEEXT=''
FGREP='/bin/grep -F'
GREP='/bin/grep'
HAVE_CXX11='1'
INSTALL_DATA='${INSTALL} -m 644'
INSTALL_PROGRAM='${INSTALL}'
INSTALL_SCRIPT='${INSTALL}'
INSTALL_STRIP_PROGRAM='$(install_sh) -c -s'
LD='/bin/ld -m elf_x86_64'
LDFLAGS=''
LIBCM_CFLAGS='-std=c++11 -I/usr/local/include'
LIBCM_LIBS='-L/usr/local/lib -lcm'
LIBOBJS=''
LIBS=''
LIBTOOL='$(SHELL) $(top_builddir)/libtool'
LIPO=''
LN_S='ln -s'
LTLIBOBJS=''
LT_SYS_LIBRARY_PATH=''
MAKEINFO='${SHELL} /home/jamema/src/rcp2.0-cm/configurationmanagement-examples/build-aux/missing makeinfo'
MANIFEST_TOOL=':'
MKDIR_P='/bin/mkdir -p'
NM='/bin/nm -B'
NMEDIT=''
OBJDUMP='objdump'
OBJEXT='o'
OTOOL64=''
OTOOL=''
PACKAGE='configurationmanagement-examples'
PACKAGE_BUGREPORT=''
PACKAGE_NAME='configurationmanagement-examples'
PACKAGE_STRING='configurationmanagement-examples 0.0.0'
PACKAGE_TARNAME='configurationmanagement-examples'
PACKAGE_URL='https://gitlabe1.ext.net.nokia.com/cm/configurationmanagement-examples'
PACKAGE_VERSION='0.0.0'
PATH_SEPARATOR=':'
PKG_CONFIG='/bin/pkg-config'
PKG_CONFIG_LIBDIR=''
PKG_CONFIG_PATH='/usr/local/lib/pkgconfig'
PROTOBUF_CFLAGS=''
PROTOBUF_LIBS='-lprotobuf -lpthread'
PROTOC='protoc'
RANLIB='ranlib'
SED='/bin/sed'
SET_MAKE=''
SHELL='/bin/sh'
STRIP='strip'
VERSION='0.0.0'
ac_ct_AR='ar'
ac_ct_CC='gcc'
ac_ct_CXX='g++'
ac_ct_DUMPBIN=''
am__EXEEXT_FALSE=''
am__EXEEXT_TRUE='#'
am__fastdepCC_FALSE='#'
am__fastdepCC_TRUE=''
am__fastdepCXX_FALSE='#'
am__fastdepCXX_TRUE=''
am__include='include'
am__isrc=''
am__leading_dot='.'
am__nodep='_no'
am__quote=''
am__tar='tar --format=posix -chf - "$$tardir"'
am__untar='tar -xf -'
bindir='${exec_prefix}/bin'
build='x86_64-unknown-linux-gnu'
build_alias=''
build_cpu='x86_64'
build_os='linux-gnu'
build_vendor='unknown'
datadir='${datarootdir}'
datarootdir='${prefix}/share'
docdir='${datarootdir}/doc/${PACKAGE_TARNAME}'
dvidir='${docdir}'
exec_prefix='${prefix}'
host='x86_64-unknown-linux-gnu'
host_alias=''
host_cpu='x86_64'
host_os='linux-gnu'
host_vendor='unknown'
htmldir='${docdir}'
includedir='${prefix}/include'
infodir='${datarootdir}/info'
install_sh='${SHELL} /home/jamema/src/rcp2.0-cm/configurationmanagement-examples/build-aux/install-sh'
libdir='${exec_prefix}/lib'
libexecdir='${exec_prefix}/libexec'
localedir='${datarootdir}/locale'
localstatedir='${prefix}/var'
mandir='${datarootdir}/man'
mkdir_p='$(MKDIR_P)'
oldincludedir='/usr/include'
pdfdir='${docdir}'
prefix='/usr/local'
program_transform_name='s,x,x,'
psdir='${docdir}'
sbindir='${exec_prefix}/sbin'
sharedstatedir='${prefix}/com'
sysconfdir='${prefix}/etc'
target_alias=''

## ----------- ##
## confdefs.h. ##
## ----------- ##

/* confdefs.h */
#define PACKAGE_NAME "configurationmanagement-examples"
#define PACKAGE_TARNAME "configurationmanagement-examples"
#define PACKAGE_VERSION "0.0.0"
#define PACKAGE_STRING "configurationmanagement-examples 0.0.0"
#define PACKAGE_BUGREPORT ""
#define PACKAGE_URL "https://gitlabe1.ext.net.nokia.com/cm/configurationmanagement-examples"
#define PACKAGE "configurationmanagement-examples"
#define VERSION "0.0.0"
#define STDC_HEADERS 1
#define HAVE_SYS_TYPES_H 1
#define HAVE_SYS_STAT_H 1
#define HAVE_STDLIB_H 1
#define HAVE_STRING_H 1
#define HAVE_MEMORY_H 1
#define HAVE_STRINGS_H 1
#define HAVE_INTTYPES_H 1
#define HAVE_STDINT_H 1
#define HAVE_UNISTD_H 1
#define HAVE_DLFCN_H 1
#define LT_OBJDIR ".libs/"
#define HAVE_CXX11 1

configure: exit 0
